<?xml version="1.0" encoding="UTF-8"?>
<!-- Generated by org.testng.reporters.JUnitXMLReporter -->
<testsuite ignored="0" hostname="Giridhars-MBP" failures="1" tests="2" name="Test" time="9.862" errors="0" timestamp="2021-01-16T12:27:51 GMT">
  <testcase classname="com.gt.tests.ZeroWebSecurityLoginTests" name="loginTestOne" time="1.117">
    <failure type="java.lang.AssertionError" message="expected [true] but found [false]">
      <![CDATA[java.lang.AssertionError: expected [true] but found [false]
at com.gt.tests.ZeroWebSecurityLoginTests.loginTestOne(ZeroWebSecurityLoginTests.java:49)
at java.base/java.util.ArrayList.forEach(ArrayList.java:1511)
... Removed 31 stack frames]]>
    </failure>
  </testcase> <!-- loginTestOne -->
  <testcase classname="com.gt.tests.ZeroWebSecurityLoginTests" name="loginTestTwo" time="6.834"/>
</testsuite> <!-- Test -->
